<?xml version="1.0" encoding="UTF-8"?>
<testsuite xmlns:xsi="http://www.w3.org/2001/XMLSchema-instance" xsi:noNamespaceSchemaLocation="https://maven.apache.org/surefire/maven-surefire-plugin/xsd/surefire-test-report.xsd" name="br.com.clickbus.test.PlaceResourceTest" time="15.356" tests="8" errors="0" skipped="0" failures="0">
  <properties>
[...]
</properties>
  <testcase name="updateUnexistingDataInvalidTest" classname="br.com.clickbus.test.PlaceResourceTest" time="0.195"/>
  <testcase name="deleteUnexistingDataByIdTest" classname="br.com.clickbus.test.PlaceResourceTest" time="1.025"/>
  <testcase name="getUnexistingDataByNameTest" classname="br.com.clickbus.test.PlaceResourceTest" time="0.267"/>
  <testcase name="saveDataInvalidTest" classname="br.com.clickbus.test.PlaceResourceTest" time="0.007"/>
  <testcase name="getUnexistingDataByIdTest" classname="br.com.clickbus.test.PlaceResourceTest" time="0.242"/>
  <testcase name="saveDataValidTest" classname="br.com.clickbus.test.PlaceResourceTest" time="0.256"/>
  <testcase name="getDataTest" classname="br.com.clickbus.test.PlaceResourceTest" time="0.035"/>
  <testcase name="updateUnexistingDataValidTest" classname="br.com.clickbus.test.PlaceResourceTest" time="0.078"/>
</testsuite>